<?xml version="1.0" encoding="UTF-8"?>
<!-- Generated by org.testng.reporters.JUnitReportReporter -->
<testsuite name="AddSkill" tests="1" time="34.842" ignored="0" failures="0" timestamp="15 Mar 2020 22:58:07 GMT" skipped="0" hostname="ISW-ENGR-CE2" errors="0">
  <testcase name="addSkill1" time="34.842" classname="AddSkill"/>
</testsuite> <!-- AddSkill -->
