<?xml version="1.0" encoding="UTF-8"?>
<!-- Generated by org.testng.reporters.JUnitReportReporter -->
<testsuite name="AddSkill" tests="1" time="34.056" ignored="0" failures="0" timestamp="15 Mar 2020 23:04:05 GMT" skipped="0" hostname="ISW-ENGR-CE2" errors="0">
  <testcase name="addSkill1" time="34.056" classname="AddSkill"/>
</testsuite> <!-- AddSkill -->
